#
# There is insufficient memory for the Java Runtime Environment to continue.
# Native memory allocation (malloc) failed to allocate 134176 bytes. Error detail: Chunk::new
# Possible reasons:
#   The system is out of physical RAM or swap space
#   This process is running with CompressedOops enabled, and the Java Heap may be blocking the growth of the native heap
# Possible solutions:
#   Reduce memory load on the system
#   Increase physical memory or swap space
#   Check if swap backing store is full
#   Decrease Java heap size (-Xmx/-Xms)
#   Decrease number of Java threads
#   Decrease Java thread stack sizes (-Xss)
#   Set larger code cache with -XX:ReservedCodeCacheSize=
#   JVM is running with Zero Based Compressed Oops mode in which the Java heap is
#     placed in the first 32GB address space. The Java Heap base address is the
#     maximum limit for the native heap growth. Please use -XX:HeapBaseMinAddress
#     to set the Java Heap base and to place the Java Heap above 32GB virtual address.
# This output file may be truncated or incomplete.
#
#  Out of Memory Error (arena.cpp:168), pid=2724, tid=2008
#
# JRE version: OpenJDK Runtime Environment JBR-21.0.6+8-631.39-jcef (21.0.6+8) (build 21.0.6+8-b631.39)
# Java VM: OpenJDK 64-Bit Server VM JBR-21.0.6+8-631.39-jcef (21.0.6+8-b631.39, mixed mode, sharing, tiered, compressed oops, compressed class ptrs, g1 gc, windows-amd64)
# No core dump will be written. Minidumps are not enabled by default on client versions of Windows
#

---------------  S U M M A R Y ------------

Command Line: git4idea.http.GitAskPassApp Username for 'https://github.com': 

Host: Intel(R) Core(TM) i5-10400 CPU @ 2.90GHz, 12 cores, 15G,  Windows 10 , 64 bit Build 19041 (10.0.19041.5198)
Time: Thu Feb 20 15:39:58 2025 SE Asia Standard Time elapsed time: 0.201380 seconds (0d 0h 0m 0s)

---------------  T H R E A D  ---------------

Current thread (0x000002647f437b40):  JavaThread "C2 CompilerThread0" daemon [_thread_in_native, id=2008, stack(0x000000bae7300000,0x000000bae7400000) (1024K)]


Current CompileTask:
C2:201  281       4       java.lang.StringLatin1::toUpperCase (186 bytes)

Stack: [0x000000bae7300000,0x000000bae7400000]
Native frames: (J=compiled Java code, j=interpreted, Vv=VM code, C=native code)
V  [jvm.dll+0x6e5d39]
V  [jvm.dll+0x8c4133]
V  [jvm.dll+0x8c668e]
V  [jvm.dll+0x8c6d73]
V  [jvm.dll+0x288f76]
V  [jvm.dll+0xc66dd]
V  [jvm.dll+0xc6c13]
V  [jvm.dll+0x2feb80]
V  [jvm.dll+0x60c8b9]
V  [jvm.dll+0x2598d2]
V  [jvm.dll+0x259c8f]
V  [jvm.dll+0x252435]
V  [jvm.dll+0x24fc8e]
V  [jvm.dll+0x1cd6c4]
V  [jvm.dll+0x25f60c]
V  [jvm.dll+0x25db56]
V  [jvm.dll+0x3ff756]
V  [jvm.dll+0x86bd48]
V  [jvm.dll+0x6e453d]
C  [ucrtbase.dll+0x21bb2]
C  [KERNEL32.DLL+0x17374]
C  [ntdll.dll+0x4cc91]


---------------  P R O C E S S  ---------------

Threads class SMR info:
_java_thread_list=0x000002645e10d580, length=11, elements={
0x000002647d193930, 0x000002647f41e350, 0x000002647f420110, 0x000002647f421d70,
0x000002647f424a50, 0x000002647f4274b0, 0x000002647f42a020, 0x000002647f437b40,
0x000002647f43c9f0, 0x000002647f427f50, 0x000002647f42a6b0
}

Java Threads: ( => current thread )
  0x000002647d193930 JavaThread "main"                              [_thread_in_vm, id=17160, stack(0x000000bae6500000,0x000000bae6600000) (1024K)]
  0x000002647f41e350 JavaThread "Reference Handler"          daemon [_thread_blocked, id=16116, stack(0x000000bae6d00000,0x000000bae6e00000) (1024K)]
  0x000002647f420110 JavaThread "Finalizer"                  daemon [_thread_blocked, id=1132, stack(0x000000bae6e00000,0x000000bae6f00000) (1024K)]
  0x000002647f421d70 JavaThread "Signal Dispatcher"          daemon [_thread_blocked, id=16628, stack(0x000000bae6f00000,0x000000bae7000000) (1024K)]
  0x000002647f424a50 JavaThread "Attach Listener"            daemon [_thread_blocked, id=8412, stack(0x000000bae7000000,0x000000bae7100000) (1024K)]
  0x000002647f4274b0 JavaThread "Service Thread"             daemon [_thread_blocked, id=1004, stack(0x000000bae7100000,0x000000bae7200000) (1024K)]
  0x000002647f42a020 JavaThread "Monitor Deflation Thread"   daemon [_thread_blocked, id=12472, stack(0x000000bae7200000,0x000000bae7300000) (1024K)]
=>0x000002647f437b40 JavaThread "C2 CompilerThread0"         daemon [_thread_in_native, id=2008, stack(0x000000bae7300000,0x000000bae7400000) (1024K)]
  0x000002647f43c9f0 JavaThread "C1 CompilerThread0"         daemon [_thread_blocked, id=2436, stack(0x000000bae7400000,0x000000bae7500000) (1024K)]
  0x000002647f427f50 JavaThread "Notification Thread"        daemon [_thread_blocked, id=14172, stack(0x000000bae7500000,0x000000bae7600000) (1024K)]
  0x000002647f42a6b0 JavaThread "Common-Cleaner"             daemon [_thread_blocked, id=15040, stack(0x000000bae7600000,0x000000bae7700000) (1024K)]
Total: 11

Other Threads:
  0x000002647f402090 VMThread "VM Thread"                           [id=11748, stack(0x000000bae6c00000,0x000000bae6d00000) (1024K)]
  0x000002647f3edf30 WatcherThread "VM Periodic Task Thread"        [id=1860, stack(0x000000bae6b00000,0x000000bae6c00000) (1024K)]
  0x000002647d1f55c0 WorkerThread "GC Thread#0"                     [id=9412, stack(0x000000bae6600000,0x000000bae6700000) (1024K)]
  0x000002647d2064d0 ConcurrentGCThread "G1 Main Marker"            [id=4160, stack(0x000000bae6700000,0x000000bae6800000) (1024K)]
  0x000002647d207770 WorkerThread "G1 Conc#0"                       [id=16280, stack(0x000000bae6800000,0x000000bae6900000) (1024K)]
  0x000002647f2bbe90 ConcurrentGCThread "G1 Refine#0"               [id=14264, stack(0x000000bae6900000,0x000000bae6a00000) (1024K)]
  0x000002647f2bc810 ConcurrentGCThread "G1 Service"                [id=6180, stack(0x000000bae6a00000,0x000000bae6b00000) (1024K)]
Total: 7

Threads with active compile tasks:
C2 CompilerThread0  254  281       4       java.lang.StringLatin1::toUpperCase (186 bytes)
Total: 1

VM state: not at safepoint (normal execution)

VM Mutex/Monitor currently owned by a thread:  ([mutex/lock_event])
[0x00007ffd2116c830] Metaspace_lock - owner thread: 0x000002647d193930

Heap address: 0x0000000702800000, size: 4056 MB, Compressed Oops mode: Zero based, Oop shift amount: 3

CDS archive(s) mapped at: [0x0000026419000000-0x0000026419d00000-0x0000026419d00000), size 13631488, SharedBaseAddress: 0x0000026419000000, ArchiveRelocationMode: 1.
Compressed class space mapped at: 0x000002641a000000-0x000002645a000000, reserved size: 1073741824
Narrow klass base: 0x0000026419000000, Narrow klass shift: 0, Narrow klass range: 0x100000000

GC Precious Log:
 CardTable entry size: 512
 Card Set container configuration: InlinePtr #cards 4 size 8 Array Of Cards #cards 16 size 48 Howl #buckets 8 coarsen threshold 3686 Howl Bitmap #cards 512 size 80 coarsen threshold 460 Card regions per heap region 1 cards per card region 4096
 CPUs: 12 total, 12 available
 Memory: 16220M
 Large Page Support: Disabled
 NUMA Support: Disabled
 Compressed Oops: Enabled (Zero based)
 Heap Region Size: 2M
 Heap Min Capacity: 8M
 Heap Initial Capacity: 254M
 Heap Max Capacity: 4056M
 Pre-touch: Disabled
 Parallel Workers: 10
 Concurrent Workers: 3
 Concurrent Refinement Workers: 10
 Periodic GC: Disabled

Heap:
 garbage-first heap   total 260096K, used 4096K [0x0000000702800000, 0x0000000800000000)
  region size 2048K, 3 young (6144K), 0 survivors (0K)
 Metaspace       used 2442K, committed 2560K, reserved 1114112K
  class space    used 258K, committed 320K, reserved 1048576K

Heap Regions: E=young(eden), S=young(survivor), O=old, HS=humongous(starts), HC=humongous(continues), CS=collection set, F=free, TAMS=top-at-mark-start, PB=parsable bottom
|   0|0x0000000702800000, 0x0000000702800000, 0x0000000702a00000|  0%| F|  |TAMS 0x0000000702800000| PB 0x0000000702800000| Untracked 
|   1|0x0000000702a00000, 0x0000000702a00000, 0x0000000702c00000|  0%| F|  |TAMS 0x0000000702a00000| PB 0x0000000702a00000| Untracked 
|   2|0x0000000702c00000, 0x0000000702c00000, 0x0000000702e00000|  0%| F|  |TAMS 0x0000000702c00000| PB 0x0000000702c00000| Untracked 
|   3|0x0000000702e00000, 0x0000000702e00000, 0x0000000703000000|  0%| F|  |TAMS 0x0000000702e00000| PB 0x0000000702e00000| Untracked 
|   4|0x0000000703000000, 0x0000000703000000, 0x0000000703200000|  0%| F|  |TAMS 0x0000000703000000| PB 0x0000000703000000| Untracked 
|   5|0x0000000703200000, 0x0000000703200000, 0x0000000703400000|  0%| F|  |TAMS 0x0000000703200000| PB 0x0000000703200000| Untracked 
|   6|0x0000000703400000, 0x0000000703400000, 0x0000000703600000|  0%| F|  |TAMS 0x0000000703400000| PB 0x0000000703400000| Untracked 
|   7|0x0000000703600000, 0x0000000703600000, 0x0000000703800000|  0%| F|  |TAMS 0x0000000703600000| PB 0x0000000703600000| Untracked 
|   8|0x0000000703800000, 0x0000000703800000, 0x0000000703a00000|  0%| F|  |TAMS 0x0000000703800000| PB 0x0000000703800000| Untracked 
|   9|0x0000000703a00000, 0x0000000703a00000, 0x0000000703c00000|  0%| F|  |TAMS 0x0000000703a00000| PB 0x0000000703a00000| Untracked 
|  10|0x0000000703c00000, 0x0000000703c00000, 0x0000000703e00000|  0%| F|  |TAMS 0x0000000703c00000| PB 0x0000000703c00000| Untracked 
|  11|0x0000000703e00000, 0x0000000703e00000, 0x0000000704000000|  0%| F|  |TAMS 0x0000000703e00000| PB 0x0000000703e00000| Untracked 
|  12|0x0000000704000000, 0x0000000704000000, 0x0000000704200000|  0%| F|  |TAMS 0x0000000704000000| PB 0x0000000704000000| Untracked 
|  13|0x0000000704200000, 0x0000000704200000, 0x0000000704400000|  0%| F|  |TAMS 0x0000000704200000| PB 0x0000000704200000| Untracked 
|  14|0x0000000704400000, 0x0000000704400000, 0x0000000704600000|  0%| F|  |TAMS 0x0000000704400000| PB 0x0000000704400000| Untracked 
|  15|0x0000000704600000, 0x0000000704600000, 0x0000000704800000|  0%| F|  |TAMS 0x0000000704600000| PB 0x0000000704600000| Untracked 
|  16|0x0000000704800000, 0x0000000704800000, 0x0000000704a00000|  0%| F|  |TAMS 0x0000000704800000| PB 0x0000000704800000| Untracked 
|  17|0x0000000704a00000, 0x0000000704a00000, 0x0000000704c00000|  0%| F|  |TAMS 0x0000000704a00000| PB 0x0000000704a00000| Untracked 
|  18|0x0000000704c00000, 0x0000000704c00000, 0x0000000704e00000|  0%| F|  |TAMS 0x0000000704c00000| PB 0x0000000704c00000| Untracked 
|  19|0x0000000704e00000, 0x0000000704e00000, 0x0000000705000000|  0%| F|  |TAMS 0x0000000704e00000| PB 0x0000000704e00000| Untracked 
|  20|0x0000000705000000, 0x0000000705000000, 0x0000000705200000|  0%| F|  |TAMS 0x0000000705000000| PB 0x0000000705000000| Untracked 
|  21|0x0000000705200000, 0x0000000705200000, 0x0000000705400000|  0%| F|  |TAMS 0x0000000705200000| PB 0x0000000705200000| Untracked 
|  22|0x0000000705400000, 0x0000000705400000, 0x0000000705600000|  0%| F|  |TAMS 0x0000000705400000| PB 0x0000000705400000| Untracked 
|  23|0x0000000705600000, 0x0000000705600000, 0x0000000705800000|  0%| F|  |TAMS 0x0000000705600000| PB 0x0000000705600000| Untracked 
|  24|0x0000000705800000, 0x0000000705800000, 0x0000000705a00000|  0%| F|  |TAMS 0x0000000705800000| PB 0x0000000705800000| Untracked 
|  25|0x0000000705a00000, 0x0000000705a00000, 0x0000000705c00000|  0%| F|  |TAMS 0x0000000705a00000| PB 0x0000000705a00000| Untracked 
|  26|0x0000000705c00000, 0x0000000705c00000, 0x0000000705e00000|  0%| F|  |TAMS 0x0000000705c00000| PB 0x0000000705c00000| Untracked 
|  27|0x0000000705e00000, 0x0000000705e00000, 0x0000000706000000|  0%| F|  |TAMS 0x0000000705e00000| PB 0x0000000705e00000| Untracked 
|  28|0x0000000706000000, 0x0000000706000000, 0x0000000706200000|  0%| F|  |TAMS 0x0000000706000000| PB 0x0000000706000000| Untracked 
|  29|0x0000000706200000, 0x0000000706200000, 0x0000000706400000|  0%| F|  |TAMS 0x0000000706200000| PB 0x0000000706200000| Untracked 
|  30|0x0000000706400000, 0x0000000706400000, 0x0000000706600000|  0%| F|  |TAMS 0x0000000706400000| PB 0x0000000706400000| Untracked 
|  31|0x0000000706600000, 0x0000000706600000, 0x0000000706800000|  0%| F|  |TAMS 0x0000000706600000| PB 0x0000000706600000| Untracked 
|  32|0x0000000706800000, 0x0000000706800000, 0x0000000706a00000|  0%| F|  |TAMS 0x0000000706800000| PB 0x0000000706800000| Untracked 
|  33|0x0000000706a00000, 0x0000000706a00000, 0x0000000706c00000|  0%| F|  |TAMS 0x0000000706a00000| PB 0x0000000706a00000| Untracked 
|  34|0x0000000706c00000, 0x0000000706c00000, 0x0000000706e00000|  0%| F|  |TAMS 0x0000000706c00000| PB 0x0000000706c00000| Untracked 
|  35|0x0000000706e00000, 0x0000000706e00000, 0x0000000707000000|  0%| F|  |TAMS 0x0000000706e00000| PB 0x0000000706e00000| Untracked 
|  36|0x0000000707000000, 0x0000000707000000, 0x0000000707200000|  0%| F|  |TAMS 0x0000000707000000| PB 0x0000000707000000| Untracked 
|  37|0x0000000707200000, 0x0000000707200000, 0x0000000707400000|  0%| F|  |TAMS 0x0000000707200000| PB 0x0000000707200000| Untracked 
|  38|0x0000000707400000, 0x0000000707400000, 0x0000000707600000|  0%| F|  |TAMS 0x0000000707400000| PB 0x0000000707400000| Untracked 
|  39|0x0000000707600000, 0x0000000707600000, 0x0000000707800000|  0%| F|  |TAMS 0x0000000707600000| PB 0x0000000707600000| Untracked 
|  40|0x0000000707800000, 0x0000000707800000, 0x0000000707a00000|  0%| F|  |TAMS 0x0000000707800000| PB 0x0000000707800000| Untracked 
|  41|0x0000000707a00000, 0x0000000707a00000, 0x0000000707c00000|  0%| F|  |TAMS 0x0000000707a00000| PB 0x0000000707a00000| Untracked 
|  42|0x0000000707c00000, 0x0000000707c00000, 0x0000000707e00000|  0%| F|  |TAMS 0x0000000707c00000| PB 0x0000000707c00000| Untracked 
|  43|0x0000000707e00000, 0x0000000707e00000, 0x0000000708000000|  0%| F|  |TAMS 0x0000000707e00000| PB 0x0000000707e00000| Untracked 
|  44|0x0000000708000000, 0x0000000708000000, 0x0000000708200000|  0%| F|  |TAMS 0x0000000708000000| PB 0x0000000708000000| Untracked 
|  45|0x0000000708200000, 0x0000000708200000, 0x0000000708400000|  0%| F|  |TAMS 0x0000000708200000| PB 0x0000000708200000| Untracked 
|  46|0x0000000708400000, 0x0000000708400000, 0x0000000708600000|  0%| F|  |TAMS 0x0000000708400000| PB 0x0000000708400000| Untracked 
|  47|0x0000000708600000, 0x0000000708600000, 0x0000000708800000|  0%| F|  |TAMS 0x0000000708600000| PB 0x0000000708600000| Untracked 
|  48|0x0000000708800000, 0x0000000708800000, 0x0000000708a00000|  0%| F|  |TAMS 0x0000000708800000| PB 0x0000000708800000| Untracked 
|  49|0x0000000708a00000, 0x0000000708a00000, 0x0000000708c00000|  0%| F|  |TAMS 0x0000000708a00000| PB 0x0000000708a00000| Untracked 
|  50|0x0000000708c00000, 0x0000000708c00000, 0x0000000708e00000|  0%| F|  |TAMS 0x0000000708c00000| PB 0x0000000708c00000| Untracked 
|  51|0x0000000708e00000, 0x0000000708e00000, 0x0000000709000000|  0%| F|  |TAMS 0x0000000708e00000| PB 0x0000000708e00000| Untracked 
|  52|0x0000000709000000, 0x0000000709000000, 0x0000000709200000|  0%| F|  |TAMS 0x0000000709000000| PB 0x0000000709000000| Untracked 
|  53|0x0000000709200000, 0x0000000709200000, 0x0000000709400000|  0%| F|  |TAMS 0x0000000709200000| PB 0x0000000709200000| Untracked 
|  54|0x0000000709400000, 0x0000000709400000, 0x0000000709600000|  0%| F|  |TAMS 0x0000000709400000| PB 0x0000000709400000| Untracked 
|  55|0x0000000709600000, 0x0000000709600000, 0x0000000709800000|  0%| F|  |TAMS 0x0000000709600000| PB 0x0000000709600000| Untracked 
|  56|0x0000000709800000, 0x0000000709800000, 0x0000000709a00000|  0%| F|  |TAMS 0x0000000709800000| PB 0x0000000709800000| Untracked 
|  57|0x0000000709a00000, 0x0000000709a00000, 0x0000000709c00000|  0%| F|  |TAMS 0x0000000709a00000| PB 0x0000000709a00000| Untracked 
|  58|0x0000000709c00000, 0x0000000709c00000, 0x0000000709e00000|  0%| F|  |TAMS 0x0000000709c00000| PB 0x0000000709c00000| Untracked 
|  59|0x0000000709e00000, 0x0000000709e00000, 0x000000070a000000|  0%| F|  |TAMS 0x0000000709e00000| PB 0x0000000709e00000| Untracked 
|  60|0x000000070a000000, 0x000000070a000000, 0x000000070a200000|  0%| F|  |TAMS 0x000000070a000000| PB 0x000000070a000000| Untracked 
|  61|0x000000070a200000, 0x000000070a200000, 0x000000070a400000|  0%| F|  |TAMS 0x000000070a200000| PB 0x000000070a200000| Untracked 
|  62|0x000000070a400000, 0x000000070a400000, 0x000000070a600000|  0%| F|  |TAMS 0x000000070a400000| PB 0x000000070a400000| Untracked 
|  63|0x000000070a600000, 0x000000070a600000, 0x000000070a800000|  0%| F|  |TAMS 0x000000070a600000| PB 0x000000070a600000| Untracked 
|  64|0x000000070a800000, 0x000000070a800000, 0x000000070aa00000|  0%| F|  |TAMS 0x000000070a800000| PB 0x000000070a800000| Untracked 
|  65|0x000000070aa00000, 0x000000070aa00000, 0x000000070ac00000|  0%| F|  |TAMS 0x000000070aa00000| PB 0x000000070aa00000| Untracked 
|  66|0x000000070ac00000, 0x000000070ac00000, 0x000000070ae00000|  0%| F|  |TAMS 0x000000070ac00000| PB 0x000000070ac00000| Untracked 
|  67|0x000000070ae00000, 0x000000070ae00000, 0x000000070b000000|  0%| F|  |TAMS 0x000000070ae00000| PB 0x000000070ae00000| Untracked 
|  68|0x000000070b000000, 0x000000070b000000, 0x000000070b200000|  0%| F|  |TAMS 0x000000070b000000| PB 0x000000070b000000| Untracked 
|  69|0x000000070b200000, 0x000000070b200000, 0x000000070b400000|  0%| F|  |TAMS 0x000000070b200000| PB 0x000000070b200000| Untracked 
|  70|0x000000070b400000, 0x000000070b400000, 0x000000070b600000|  0%| F|  |TAMS 0x000000070b400000| PB 0x000000070b400000| Untracked 
|  71|0x000000070b600000, 0x000000070b600000, 0x000000070b800000|  0%| F|  |TAMS 0x000000070b600000| PB 0x000000070b600000| Untracked 
|  72|0x000000070b800000, 0x000000070b800000, 0x000000070ba00000|  0%| F|  |TAMS 0x000000070b800000| PB 0x000000070b800000| Untracked 
|  73|0x000000070ba00000, 0x000000070ba00000, 0x000000070bc00000|  0%| F|  |TAMS 0x000000070ba00000| PB 0x000000070ba00000| Untracked 
|  74|0x000000070bc00000, 0x000000070bc00000, 0x000000070be00000|  0%| F|  |TAMS 0x000000070bc00000| PB 0x000000070bc00000| Untracked 
|  75|0x000000070be00000, 0x000000070be00000, 0x000000070c000000|  0%| F|  |TAMS 0x000000070be00000| PB 0x000000070be00000| Untracked 
|  76|0x000000070c000000, 0x000000070c000000, 0x000000070c200000|  0%| F|  |TAMS 0x000000070c000000| PB 0x000000070c000000| Untracked 
|  77|0x000000070c200000, 0x000000070c200000, 0x000000070c400000|  0%| F|  |TAMS 0x000000070c200000| PB 0x000000070c200000| Untracked 
|  78|0x000000070c400000, 0x000000070c400000, 0x000000070c600000|  0%| F|  |TAMS 0x000000070c400000| PB 0x000000070c400000| Untracked 
|  79|0x000000070c600000, 0x000000070c600000, 0x000000070c800000|  0%| F|  |TAMS 0x000000070c600000| PB 0x000000070c600000| Untracked 
|  80|0x000000070c800000, 0x000000070c800000, 0x000000070ca00000|  0%| F|  |TAMS 0x000000070c800000| PB 0x000000070c800000| Untracked 
|  81|0x000000070ca00000, 0x000000070ca00000, 0x000000070cc00000|  0%| F|  |TAMS 0x000000070ca00000| PB 0x000000070ca00000| Untracked 
|  82|0x000000070cc00000, 0x000000070cc00000, 0x000000070ce00000|  0%| F|  |TAMS 0x000000070cc00000| PB 0x000000070cc00000| Untracked 
|  83|0x000000070ce00000, 0x000000070ce00000, 0x000000070d000000|  0%| F|  |TAMS 0x000000070ce00000| PB 0x000000070ce00000| Untracked 
|  84|0x000000070d000000, 0x000000070d000000, 0x000000070d200000|  0%| F|  |TAMS 0x000000070d000000| PB 0x000000070d000000| Untracked 
|  85|0x000000070d200000, 0x000000070d200000, 0x000000070d400000|  0%| F|  |TAMS 0x000000070d200000| PB 0x000000070d200000| Untracked 
|  86|0x000000070d400000, 0x000000070d400000, 0x000000070d600000|  0%| F|  |TAMS 0x000000070d400000| PB 0x000000070d400000| Untracked 
|  87|0x000000070d600000, 0x000000070d600000, 0x000000070d800000|  0%| F|  |TAMS 0x000000070d600000| PB 0x000000070d600000| Untracked 
|  88|0x000000070d800000, 0x000000070d800000, 0x000000070da00000|  0%| F|  |TAMS 0x000000070d800000| PB 0x000000070d800000| Untracked 
|  89|0x000000070da00000, 0x000000070da00000, 0x000000070dc00000|  0%| F|  |TAMS 0x000000070da00000| PB 0x000000070da00000| Untracked 
|  90|0x000000070dc00000, 0x000000070dc00000, 0x000000070de00000|  0%| F|  |TAMS 0x000000070dc00000| PB 0x000000070dc00000| Untracked 
|  91|0x000000070de00000, 0x000000070de00000, 0x000000070e000000|  0%| F|  |TAMS 0x000000070de00000| PB 0x000000070de00000| Untracked 
|  92|0x000000070e000000, 0x000000070e000000, 0x000000070e200000|  0%| F|  |TAMS 0x000000070e000000| PB 0x000000070e000000| Untracked 
|  93|0x000000070e200000, 0x000000070e200000, 0x000000070e400000|  0%| F|  |TAMS 0x000000070e200000| PB 0x000000070e200000| Untracked 
|  94|0x000000070e400000, 0x000000070e400000, 0x000000070e600000|  0%| F|  |TAMS 0x000000070e400000| PB 0x000000070e400000| Untracked 
|  95|0x000000070e600000, 0x000000070e600000, 0x000000070e800000|  0%| F|  |TAMS 0x000000070e600000| PB 0x000000070e600000| Untracked 
|  96|0x000000070e800000, 0x000000070e800000, 0x000000070ea00000|  0%| F|  |TAMS 0x000000070e800000| PB 0x000000070e800000| Untracked 
|  97|0x000000070ea00000, 0x000000070ea00000, 0x000000070ec00000|  0%| F|  |TAMS 0x000000070ea00000| PB 0x000000070ea00000| Untracked 
|  98|0x000000070ec00000, 0x000000070ec00000, 0x000000070ee00000|  0%| F|  |TAMS 0x000000070ec00000| PB 0x000000070ec00000| Untracked 
|  99|0x000000070ee00000, 0x000000070ee00000, 0x000000070f000000|  0%| F|  |TAMS 0x000000070ee00000| PB 0x000000070ee00000| Untracked 
| 100|0x000000070f000000, 0x000000070f000000, 0x000000070f200000|  0%| F|  |TAMS 0x000000070f000000| PB 0x000000070f000000| Untracked 
| 101|0x000000070f200000, 0x000000070f200000, 0x000000070f400000|  0%| F|  |TAMS 0x000000070f200000| PB 0x000000070f200000| Untracked 
| 102|0x000000070f400000, 0x000000070f400000, 0x000000070f600000|  0%| F|  |TAMS 0x000000070f400000| PB 0x000000070f400000| Untracked 
| 103|0x000000070f600000, 0x000000070f600000, 0x000000070f800000|  0%| F|  |TAMS 0x000000070f600000| PB 0x000000070f600000| Untracked 
| 104|0x000000070f800000, 0x000000070f800000, 0x000000070fa00000|  0%| F|  |TAMS 0x000000070f800000| PB 0x000000070f800000| Untracked 
| 105|0x000000070fa00000, 0x000000070fa00000, 0x000000070fc00000|  0%| F|  |TAMS 0x000000070fa00000| PB 0x000000070fa00000| Untracked 
| 106|0x000000070fc00000, 0x000000070fc00000, 0x000000070fe00000|  0%| F|  |TAMS 0x000000070fc00000| PB 0x000000070fc00000| Untracked 
| 107|0x000000070fe00000, 0x000000070fe00000, 0x0000000710000000|  0%| F|  |TAMS 0x000000070fe00000| PB 0x000000070fe00000| Untracked 
| 108|0x0000000710000000, 0x0000000710000000, 0x0000000710200000|  0%| F|  |TAMS 0x0000000710000000| PB 0x0000000710000000| Untracked 
| 109|0x0000000710200000, 0x0000000710200000, 0x0000000710400000|  0%| F|  |TAMS 0x0000000710200000| PB 0x0000000710200000| Untracked 
| 110|0x0000000710400000, 0x0000000710400000, 0x0000000710600000|  0%| F|  |TAMS 0x0000000710400000| PB 0x0000000710400000| Untracked 
| 111|0x0000000710600000, 0x0000000710600000, 0x0000000710800000|  0%| F|  |TAMS 0x0000000710600000| PB 0x0000000710600000| Untracked 
| 112|0x0000000710800000, 0x0000000710800000, 0x0000000710a00000|  0%| F|  |TAMS 0x0000000710800000| PB 0x0000000710800000| Untracked 
| 113|0x0000000710a00000, 0x0000000710a00000, 0x0000000710c00000|  0%| F|  |TAMS 0x0000000710a00000| PB 0x0000000710a00000| Untracked 
| 114|0x0000000710c00000, 0x0000000710c00000, 0x0000000710e00000|  0%| F|  |TAMS 0x0000000710c00000| PB 0x0000000710c00000| Untracked 
| 115|0x0000000710e00000, 0x0000000710e00000, 0x0000000711000000|  0%| F|  |TAMS 0x0000000710e00000| PB 0x0000000710e00000| Untracked 
| 116|0x0000000711000000, 0x0000000711000000, 0x0000000711200000|  0%| F|  |TAMS 0x0000000711000000| PB 0x0000000711000000| Untracked 
| 117|0x0000000711200000, 0x0000000711200000, 0x0000000711400000|  0%| F|  |TAMS 0x0000000711200000| PB 0x0000000711200000| Untracked 
| 118|0x0000000711400000, 0x0000000711400000, 0x0000000711600000|  0%| F|  |TAMS 0x0000000711400000| PB 0x0000000711400000| Untracked 
| 119|0x0000000711600000, 0x0000000711600000, 0x0000000711800000|  0%| F|  |TAMS 0x0000000711600000| PB 0x0000000711600000| Untracked 
| 120|0x0000000711800000, 0x0000000711800000, 0x0000000711a00000|  0%| F|  |TAMS 0x0000000711800000| PB 0x0000000711800000| Untracked 
| 121|0x0000000711a00000, 0x0000000711a00000, 0x0000000711c00000|  0%| F|  |TAMS 0x0000000711a00000| PB 0x0000000711a00000| Untracked 
| 122|0x0000000711c00000, 0x0000000711c00000, 0x0000000711e00000|  0%| F|  |TAMS 0x0000000711c00000| PB 0x0000000711c00000| Untracked 
| 123|0x0000000711e00000, 0x0000000711e00000, 0x0000000712000000|  0%| F|  |TAMS 0x0000000711e00000| PB 0x0000000711e00000| Untracked 
| 124|0x0000000712000000, 0x00000007120e14d0, 0x0000000712200000| 44%| E|  |TAMS 0x0000000712000000| PB 0x0000000712000000| Complete 
| 125|0x0000000712200000, 0x0000000712400000, 0x0000000712400000|100%| E|CS|TAMS 0x0000000712200000| PB 0x0000000712200000| Complete 
| 126|0x0000000712400000, 0x0000000712600000, 0x0000000712600000|100%| E|CS|TAMS 0x0000000712400000| PB 0x0000000712400000| Complete 

Card table byte_map: [0x000002647dfa0000,0x000002647e790000] _byte_map_base: 0x000002647a78c000

Marking Bits: (CMBitMap*) 0x000002647d1f5cc0
 Bits: [0x0000026412ed0000, 0x0000026416e30000)

Polling page: 0x000002647aef0000

Metaspace:

Usage:
  Non-class:      2.13 MB used.
      Class:    258.97 KB used.
       Both:      2.38 MB used.

Virtual space:
  Non-class space:       64.00 MB reserved,       2.19 MB (  3%) committed,  1 nodes.
      Class space:        1.00 GB reserved,     320.00 KB ( <1%) committed,  1 nodes.
             Both:        1.06 GB reserved,       2.50 MB ( <1%) committed. 

Chunk freelists:
   Non-Class:  11.92 MB
       Class:  15.73 MB
        Both:  27.66 MB

MaxMetaspaceSize: unlimited
CompressedClassSpaceSize: 1.00 GB
Initial GC threshold: 21.00 MB
Current GC threshold: 21.00 MB
CDS: on
 - commit_granule_bytes: 65536.
 - commit_granule_words: 8192.
 - virtual_space_node_default_size: 8388608.
 - enlarge_chunks_in_place: 1.
 - use_allocation_guard: 0.


Internal statistics:

num_allocs_failed_limit: 0.
num_arena_births: 10.
num_arena_deaths: 0.
num_vsnodes_births: 2.
num_vsnodes_deaths: 0.
num_space_committed: 40.
num_space_uncommitted: 0.
num_chunks_returned_to_freelist: 0.
num_chunks_taken_from_freelist: 18.
num_chunk_merges: 0.
num_chunk_splits: 12.
num_chunks_enlarged: 10.
num_inconsistent_stats: 0.

CodeHeap 'non-profiled nmethods': size=120000Kb used=91Kb max_used=91Kb free=119908Kb
 bounds [0x000002640b9a0000, 0x000002640bc10000, 0x0000026412ed0000]
CodeHeap 'profiled nmethods': size=120000Kb used=490Kb max_used=490Kb free=119510Kb
 bounds [0x0000026403ed0000, 0x0000026404140000, 0x000002640b400000]
CodeHeap 'non-nmethods': size=5760Kb used=1343Kb max_used=1346Kb free=4416Kb
 bounds [0x000002640b400000, 0x000002640b670000, 0x000002640b9a0000]
 total_blobs=795 nmethods=345 adapters=355
 compilation: enabled
              stopped_count=0, restarted_count=0
 full_count=0

Compilation events (20 events):
Event: 0.192 Thread 0x000002647f43c9f0 nmethod 296 0x0000026403f37d10 code [0x0000026403f37ea0, 0x0000026403f37f90]
Event: 0.192 Thread 0x000002647f43c9f0  295       3       java.lang.Integer::hashCode (8 bytes)
Event: 0.192 Thread 0x000002647f43c9f0 nmethod 295 0x0000026403f38010 code [0x0000026403f381c0, 0x0000026403f38328]
Event: 0.192 Thread 0x000002647f43c9f0  298       3       java.lang.Integer::equals (29 bytes)
Event: 0.192 Thread 0x000002647f43c9f0 nmethod 298 0x0000026403f38410 code [0x0000026403f385c0, 0x0000026403f38988]
Event: 0.192 Thread 0x000002647f43c9f0  297       1       java.lang.Integer::intValue (5 bytes)
Event: 0.192 Thread 0x000002647f43c9f0 nmethod 297 0x000002640b9b5890 code [0x000002640b9b5a20, 0x000002640b9b5ae8]
Event: 0.193 Thread 0x000002647f43c9f0  300       3       java.lang.Character::toLowerCase (9 bytes)
Event: 0.193 Thread 0x000002647f43c9f0 nmethod 300 0x0000026403f38a90 code [0x0000026403f38c40, 0x0000026403f38e38]
Event: 0.193 Thread 0x000002647f43c9f0  301       3       java.lang.Character::toLowerCase (6 bytes)
Event: 0.193 Thread 0x000002647f43c9f0 nmethod 301 0x0000026403f38f10 code [0x0000026403f390e0, 0x0000026403f39338]
Event: 0.193 Thread 0x000002647f43c9f0  302       3       java.lang.StringLatin1::getChar (9 bytes)
Event: 0.193 Thread 0x000002647f43c9f0 nmethod 302 0x0000026403f39410 code [0x0000026403f395a0, 0x0000026403f396c0]
Event: 0.193 Thread 0x000002647f43c9f0  303       1       java.util.LinkedHashMap::removeEldestEntry (2 bytes)
Event: 0.193 Thread 0x000002647f43c9f0 nmethod 303 0x000002640b9b5b90 code [0x000002640b9b5d20, 0x000002640b9b5de8]
Event: 0.194 Thread 0x000002647f43c9f0  304       3       jdk.internal.util.Preconditions::checkFromIndexSize (25 bytes)
Event: 0.194 Thread 0x000002647f43c9f0 nmethod 304 0x0000026403f39790 code [0x0000026403f39940, 0x0000026403f39ae8]
Event: 0.198 Thread 0x000002647f43c9f0  306       3       java.util.regex.ASCII::toLower (16 bytes)
Event: 0.198 Thread 0x000002647f43c9f0 nmethod 306 0x0000026403f39b90 code [0x0000026403f39d40, 0x0000026403f39f30]
Event: 0.198 Thread 0x000002647f43c9f0  309       3       java.util.regex.Pattern$SliceI::match (96 bytes)

GC Heap History (0 events):
No events

Dll operation events (2 events):
Event: 0.003 Loaded shared library C:\Users\Littlepea\AppData\Local\JetBrains\WebStorm 2024.3.2.1\jbr\bin\java.dll
Event: 0.034 Loaded shared library C:\Users\Littlepea\AppData\Local\JetBrains\WebStorm 2024.3.2.1\jbr\bin\zip.dll

Deoptimization events (0 events):
No events

Classes loaded (20 events):
Event: 0.197 Loading class java/security/KeyPairGeneratorSpi done
Event: 0.197 Loading class java/security/KeyPairGenerator done
Event: 0.197 Loading class java/security/spec/InvalidParameterSpecException
Event: 0.197 Loading class java/security/spec/InvalidParameterSpecException done
Event: 0.197 Loading class sun/security/util/ECUtil
Event: 0.197 Loading class sun/security/util/ECUtil done
Event: 0.197 Loading class java/security/AlgorithmParameters
Event: 0.197 Loading class java/security/AlgorithmParameters done
Event: 0.197 Loading class java/security/AlgorithmParametersSpi
Event: 0.197 Loading class java/security/AlgorithmParametersSpi done
Event: 0.197 Loading class sun/security/util/ECParameters
Event: 0.197 Loading class sun/security/util/ECParameters done
Event: 0.197 Loading class sun/security/util/ECKeySizeParameterSpec
Event: 0.197 Loading class sun/security/util/ECKeySizeParameterSpec done
Event: 0.197 Loading class java/security/spec/ECGenParameterSpec
Event: 0.197 Loading class java/security/spec/NamedParameterSpec
Event: 0.197 Loading class java/security/spec/NamedParameterSpec done
Event: 0.197 Loading class java/security/spec/ECGenParameterSpec done
Event: 0.197 Loading class java/security/KeyPairGenerator$Delegate
Event: 0.197 Loading class java/security/KeyPairGenerator$Delegate done

Classes unloaded (0 events):
No events

Classes redefined (0 events):
No events

Internal exceptions (1 events):
Event: 0.173 Thread 0x000002647d193930 Exception <a 'sun/nio/fs/WindowsException'{0x00000007123d0b40}> (0x00000007123d0b40) 
thrown [s\src\hotspot\share\prims\jni.cpp, line 535]

ZGC Phase Switch (0 events):
No events

VM Operations (4 events):
Event: 0.112 Executing VM operation: HandshakeAllThreads (Deoptimize)
Event: 0.112 Executing VM operation: HandshakeAllThreads (Deoptimize) done
Event: 0.117 Executing VM operation: HandshakeAllThreads (Deoptimize)
Event: 0.117 Executing VM operation: HandshakeAllThreads (Deoptimize) done

Memory protections (0 events):
No events

Nmethod flushes (0 events):
No events

Events (15 events):
Event: 0.014 Thread 0x000002647d193930 Thread added: 0x000002647d193930
Event: 0.023 Thread 0x000002647d193930 Thread added: 0x000002647f41e350
Event: 0.023 Thread 0x000002647d193930 Thread added: 0x000002647f420110
Event: 0.023 Thread 0x000002647d193930 Thread added: 0x000002647f421d70
Event: 0.023 Thread 0x000002647d193930 Thread added: 0x000002647f424a50
Event: 0.023 Thread 0x000002647d193930 Thread added: 0x000002647f4274b0
Event: 0.023 Thread 0x000002647d193930 Thread added: 0x000002647f42a020
Event: 0.023 Thread 0x000002647d193930 Thread added: 0x000002647f437b40
Event: 0.023 Thread 0x000002647d193930 Thread added: 0x000002647f43c9f0
Event: 0.033 Thread 0x000002647d193930 Thread added: 0x000002647f427f50
Event: 0.035 Thread 0x000002647d193930 Thread added: 0x000002647f42a6b0
Event: 0.036 Loaded shared library C:\Users\Littlepea\AppData\Local\JetBrains\WebStorm 2024.3.2.1\jbr\bin\net.dll
Event: 0.037 Loaded shared library C:\Users\Littlepea\AppData\Local\JetBrains\WebStorm 2024.3.2.1\jbr\bin\nio.dll
Event: 0.110 Loaded shared library C:\Users\Littlepea\AppData\Local\JetBrains\WebStorm 2024.3.2.1\jbr\bin\zip.dll
Event: 0.146 Loaded shared library C:\Users\Littlepea\AppData\Local\JetBrains\WebStorm 2024.3.2.1\jbr\bin\jimage.dll


Dynamic libraries:
0x00007ff6d5970000 - 0x00007ff6d597a000 	C:\Users\Littlepea\AppData\Local\JetBrains\WebStorm 2024.3.2.1\jbr\bin\java.exe
0x00007ffd62530000 - 0x00007ffd62728000 	C:\Windows\SYSTEM32\ntdll.dll
0x00007ffd60d90000 - 0x00007ffd60e52000 	C:\Windows\System32\KERNEL32.DLL
0x00007ffd5ff10000 - 0x00007ffd6020e000 	C:\Windows\System32\KERNELBASE.dll
0x00007ffd60360000 - 0x00007ffd60460000 	C:\Windows\System32\ucrtbase.dll
0x00007ffd4f2b0000 - 0x00007ffd4f2cb000 	C:\Users\Littlepea\AppData\Local\JetBrains\WebStorm 2024.3.2.1\jbr\bin\VCRUNTIME140.dll
0x00007ffd4e680000 - 0x00007ffd4e698000 	C:\Users\Littlepea\AppData\Local\JetBrains\WebStorm 2024.3.2.1\jbr\bin\jli.dll
0x00007ffd61170000 - 0x00007ffd6130d000 	C:\Windows\System32\USER32.dll
0x00007ffd3c1c0000 - 0x00007ffd3c45a000 	C:\Windows\WinSxS\amd64_microsoft.windows.common-controls_6595b64144ccf1df_6.0.19041.4355_none_60b8b9eb71f62e16\COMCTL32.dll
0x00007ffd60330000 - 0x00007ffd60352000 	C:\Windows\System32\win32u.dll
0x00007ffd61010000 - 0x00007ffd6103b000 	C:\Windows\System32\GDI32.dll
0x00007ffd61800000 - 0x00007ffd6189e000 	C:\Windows\System32\msvcrt.dll
0x00007ffd60210000 - 0x00007ffd60327000 	C:\Windows\System32\gdi32full.dll
0x00007ffd60460000 - 0x00007ffd604fd000 	C:\Windows\System32\msvcp_win.dll
0x00007ffd61040000 - 0x00007ffd6106f000 	C:\Windows\System32\IMM32.DLL
0x00007ffd58da0000 - 0x00007ffd58dac000 	C:\Users\Littlepea\AppData\Local\JetBrains\WebStorm 2024.3.2.1\jbr\bin\vcruntime140_1.dll
0x00007ffd2b8e0000 - 0x00007ffd2b96d000 	C:\Users\Littlepea\AppData\Local\JetBrains\WebStorm 2024.3.2.1\jbr\bin\msvcp140.dll
0x00007ffd204a0000 - 0x00007ffd21261000 	C:\Users\Littlepea\AppData\Local\JetBrains\WebStorm 2024.3.2.1\jbr\bin\server\jvm.dll
0x00007ffd618a0000 - 0x00007ffd61951000 	C:\Windows\System32\ADVAPI32.dll
0x00007ffd60f10000 - 0x00007ffd60faf000 	C:\Windows\System32\sechost.dll
0x00007ffd62290000 - 0x00007ffd623b3000 	C:\Windows\System32\RPCRT4.dll
0x00007ffd5fbd0000 - 0x00007ffd5fbf7000 	C:\Windows\System32\bcrypt.dll
0x00007ffd61970000 - 0x00007ffd619db000 	C:\Windows\System32\WS2_32.dll
0x00007ffd5f160000 - 0x00007ffd5f1ab000 	C:\Windows\SYSTEM32\POWRPROF.dll
0x00007ffd59440000 - 0x00007ffd5944a000 	C:\Windows\SYSTEM32\VERSION.dll
0x00007ffd43e10000 - 0x00007ffd43e37000 	C:\Windows\SYSTEM32\WINMM.dll
0x00007ffd5efd0000 - 0x00007ffd5efe2000 	C:\Windows\SYSTEM32\UMPDC.dll
0x00007ffd5da60000 - 0x00007ffd5da72000 	C:\Windows\SYSTEM32\kernel.appcore.dll
0x00007ffd583c0000 - 0x00007ffd583ca000 	C:\Users\Littlepea\AppData\Local\JetBrains\WebStorm 2024.3.2.1\jbr\bin\jimage.dll
0x00007ffd49a30000 - 0x00007ffd49c14000 	C:\Windows\SYSTEM32\DBGHELP.DLL
0x00007ffd499f0000 - 0x00007ffd49a24000 	C:\Windows\SYSTEM32\dbgcore.DLL
0x00007ffd5fd20000 - 0x00007ffd5fda2000 	C:\Windows\System32\bcryptPrimitives.dll
0x00007ffd4f290000 - 0x00007ffd4f2b0000 	C:\Users\Littlepea\AppData\Local\JetBrains\WebStorm 2024.3.2.1\jbr\bin\java.dll
0x00007ffd60550000 - 0x00007ffd60cbd000 	C:\Windows\System32\SHELL32.dll
0x00007ffd5dc60000 - 0x00007ffd5e404000 	C:\Windows\SYSTEM32\windows.storage.dll
0x00007ffd619e0000 - 0x00007ffd61d33000 	C:\Windows\System32\combase.dll
0x00007ffd5f600000 - 0x00007ffd5f62e000 	C:\Windows\SYSTEM32\Wldp.dll
0x00007ffd60cc0000 - 0x00007ffd60d8d000 	C:\Windows\System32\OLEAUT32.dll
0x00007ffd60e60000 - 0x00007ffd60f0d000 	C:\Windows\System32\SHCORE.dll
0x00007ffd61070000 - 0x00007ffd610c5000 	C:\Windows\System32\shlwapi.dll
0x00007ffd5fb00000 - 0x00007ffd5fb24000 	C:\Windows\SYSTEM32\profapi.dll
0x00007ffd4f090000 - 0x00007ffd4f0a8000 	C:\Users\Littlepea\AppData\Local\JetBrains\WebStorm 2024.3.2.1\jbr\bin\zip.dll
0x00007ffd57fe0000 - 0x00007ffd57ff0000 	C:\Users\Littlepea\AppData\Local\JetBrains\WebStorm 2024.3.2.1\jbr\bin\net.dll
0x00007ffd5abd0000 - 0x00007ffd5acdd000 	C:\Windows\SYSTEM32\WINHTTP.dll
0x00007ffd5f360000 - 0x00007ffd5f3ca000 	C:\Windows\system32\mswsock.dll
0x00007ffd4ea20000 - 0x00007ffd4ea36000 	C:\Users\Littlepea\AppData\Local\JetBrains\WebStorm 2024.3.2.1\jbr\bin\nio.dll

dbghelp: loaded successfully - version: 4.0.5 - missing functions: none
symbol engine: initialized successfully - sym options: 0x614 - pdb path: .;C:\Users\Littlepea\AppData\Local\JetBrains\WebStorm 2024.3.2.1\jbr\bin;C:\Windows\SYSTEM32;C:\Windows\WinSxS\amd64_microsoft.windows.common-controls_6595b64144ccf1df_6.0.19041.4355_none_60b8b9eb71f62e16;C:\Users\Littlepea\AppData\Local\JetBrains\WebStorm 2024.3.2.1\jbr\bin\server

VM Arguments:
java_command: git4idea.http.GitAskPassApp Username for 'https://github.com': 
java_class_path (initial): C:/Users/Littlepea/AppData/Local/JetBrains/WebStorm 2024.3.2.1/plugins/vcs-git/lib/git4idea-rt.jar;C:/Users/Littlepea/AppData/Local/JetBrains/WebStorm 2024.3.2.1/lib/externalProcess-rt.jar
Launcher Type: SUN_STANDARD

[Global flags]
     intx CICompilerCount                          = 4                                         {product} {ergonomic}
     uint ConcGCThreads                            = 3                                         {product} {ergonomic}
     uint G1ConcRefinementThreads                  = 10                                        {product} {ergonomic}
   size_t G1HeapRegionSize                         = 2097152                                   {product} {ergonomic}
    uintx GCDrainStackTargetSize                   = 64                                        {product} {ergonomic}
   size_t InitialHeapSize                          = 266338304                                 {product} {ergonomic}
   size_t MarkStackSize                            = 4194304                                   {product} {ergonomic}
   size_t MaxHeapSize                              = 4253024256                                {product} {ergonomic}
   size_t MaxNewSize                               = 2550136832                                {product} {ergonomic}
   size_t MinHeapDeltaBytes                        = 2097152                                   {product} {ergonomic}
   size_t MinHeapSize                              = 8388608                                   {product} {ergonomic}
    uintx NonNMethodCodeHeapSize                   = 5839372                                {pd product} {ergonomic}
    uintx NonProfiledCodeHeapSize                  = 122909434                              {pd product} {ergonomic}
    uintx ProfiledCodeHeapSize                     = 122909434                              {pd product} {ergonomic}
    uintx ReservedCodeCacheSize                    = 251658240                              {pd product} {ergonomic}
     bool SegmentedCodeCache                       = true                                      {product} {ergonomic}
   size_t SoftMaxHeapSize                          = 4253024256                             {manageable} {ergonomic}
     bool UseCompressedOops                        = true                           {product lp64_product} {ergonomic}
     bool UseG1GC                                  = true                                      {product} {ergonomic}
     bool UseLargePagesIndividualAllocation        = false                                  {pd product} {ergonomic}

Logging:
Log output configuration:
 #0: stdout all=warning uptime,level,tags foldmultilines=false
 #1: stderr all=off uptime,level,tags foldmultilines=false

Environment Variables:
PATH=C:\Program Files\Git\mingw64\libexec\git-core;C:\Program Files\Git\mingw64\libexec\git-core;C:\Program Files\Git\mingw64\bin;C:\Program Files\Git\usr\bin;C:\Users\Littlepea\bin;C:\Windows\system32;C:\Windows;C:\Windows\System32\Wbem;C:\Windows\System32\WindowsPowerShell\v1.0;C:\Windows\System32\OpenSSH;C:\Program Files\dotnet;C:\Program Files\Git\cmd;%NVM_HOME%;%NVM_SYMLINK%;C:\Users\Littlepea\AppData\Local\Microsoft\WindowsApps;C:\ProgramData\anaconda3;C:\ProgramData\anaconda3\Scripts;C:\ProgramData\anaconda3\Library\bin;C:\Program Files\JetBrains\PyCharm 2024.3.3\bin;C:\Users\Littlepea\AppData\Local\JetBrains\WebStorm 2024.3.2.1\bin;C:\Users\Littlepea\AppData\Local\nvm;C:\nvm4w\nodejs
USERNAME=Littlepea
DISPLAY=:0.0
LC_ALL=en_US.UTF-8
TERM=xterm-256color
TMPDIR=C:\Users\LITTLE~1\AppData\Local\Temp
OS=Windows_NT
PROCESSOR_IDENTIFIER=Intel64 Family 6 Model 165 Stepping 3, GenuineIntel
TMP=C:\Users\LITTLE~1\AppData\Local\Temp
TEMP=C:\Users\LITTLE~1\AppData\Local\Temp




Periodic native trim disabled

JNI global refs:
JNI global refs: 8, weak refs: 0

JNI global refs memory usage: 835, weak refs: 201

Process memory usage:
Resident Set Size: 45688K (0% of 16609396K total physical memory with 2520592K free physical memory)

OOME stack traces (most recent first):
Classloader memory used:
